<?xml version="1.0" encoding="UTF-8"?>
<!-- Generated by org.testng.reporters.JUnitReportReporter -->
<testsuite skipped="0" hostname="manipanjala-PC" name="firsttestngpackage.SamePriority" tests="5" failures="0" timestamp="09 Apr 2020 05:15:23 GMT" time="0.079" errors="0">
  <testcase name="e_method" time="0.059" classname="firsttestngpackage.SamePriority"/>
  <testcase name="d_method" time="0.006" classname="firsttestngpackage.SamePriority"/>
  <testcase name="a_method" time="0.003" classname="firsttestngpackage.SamePriority"/>
  <testcase name="c_method" time="0.005" classname="firsttestngpackage.SamePriority"/>
  <testcase name="b_method" time="0.006" classname="firsttestngpackage.SamePriority"/>
</testsuite> <!-- firsttestngpackage.SamePriority -->
