<?xml version="1.0" encoding="UTF-8"?>
<!-- Generated by org.testng.reporters.JUnitReportReporter -->
<testsuite skipped="0" hostname="manipanjala-PC" name="firsttestngpackage.Method" tests="2" failures="0" timestamp="08 Apr 2020 09:26:25 GMT" time="49.388" errors="0">
  <testcase name="register" time="40.148" classname="firsttestngpackage.Method"/>
  <testcase name="support" time="9.240" classname="firsttestngpackage.Method"/>
</testsuite> <!-- firsttestngpackage.Method -->
