<?xml version="1.0" encoding="UTF-8"?>
<!-- Generated by org.testng.reporters.JUnitReportReporter -->
<testsuite skipped="0" hostname="manipanjala-PC" name="firsttestngpackage.Annotations" tests="1" failures="0" timestamp="08 Apr 2020 08:49:11 GMT" time="2.992" errors="0">
  <testcase name="verifyHomepageTitle" time="2.992" classname="firsttestngpackage.Annotations"/>
</testsuite> <!-- firsttestngpackage.Annotations -->
