<?xml version="1.0" encoding="UTF-8"?>
<!-- Generated by org.testng.reporters.JUnitReportReporter -->
<testsuite skipped="0" hostname="manipanjala-PC" name="firsttestngpackage.ParallelExecutionDemo" tests="1" failures="0" timestamp="08 Apr 2020 11:27:30 GMT" time="86.786" errors="0">
  <testcase name="loginFunction" time="86.786" classname="firsttestngpackage.ParallelExecutionDemo"/>
</testsuite> <!-- firsttestngpackage.ParallelExecutionDemo -->
