<?xml version="1.0" encoding="UTF-8"?>
<!-- Generated by org.testng.reporters.JUnitReportReporter -->
<testsuite skipped="0" hostname="manipanjala-PC" name="firsttestngpackage.TestNG_Priority_Annotations" tests="5" failures="0" timestamp="09 Apr 2020 05:13:15 GMT" time="0.082" errors="0">
  <testcase name="e_method" time="0.005" classname="firsttestngpackage.TestNG_Priority_Annotations"/>
  <testcase name="b_method" time="0.050" classname="firsttestngpackage.TestNG_Priority_Annotations"/>
  <testcase name="c_method" time="0.006" classname="firsttestngpackage.TestNG_Priority_Annotations"/>
  <testcase name="a_method" time="0.017" classname="firsttestngpackage.TestNG_Priority_Annotations"/>
  <testcase name="d_method" time="0.004" classname="firsttestngpackage.TestNG_Priority_Annotations"/>
</testsuite> <!-- firsttestngpackage.TestNG_Priority_Annotations -->
