<?xml version="1.0" encoding="UTF-8"?>
<!-- Generated by org.testng.reporters.JUnitReportReporter -->
<testsuite skipped="0" hostname="manipanjala-PC" name="firsttestngpackage.firstTestNGFile" tests="1" failures="0" timestamp="08 Apr 2020 06:05:37 GMT" time="102.479" errors="0">
  <testcase name="verifyHomepageTitle" time="102.479" classname="firsttestngpackage.firstTestNGFile"/>
</testsuite> <!-- firsttestngpackage.firstTestNGFile -->
