<?xml version="1.0" encoding="UTF-8"?>
<!-- Generated by org.testng.reporters.JUnitReportReporter -->
<testsuite skipped="0" hostname="manipanjala-PC" name="firsttestngpackage.test" tests="2" failures="0" timestamp="08 Apr 2020 11:15:20 GMT" time="0.089" errors="0">
  <testcase name="test2" time="0.006" classname="firsttestngpackage.test"/>
  <testcase name="test1" time="0.083" classname="firsttestngpackage.test"/>
</testsuite> <!-- firsttestngpackage.test -->
